{"/Users/ronerlih/development/fullstack-ground/01-Class-Content/15-Project-2/sandbox/server.js": {"path":"/Users/ronerlih/development/fullstack-ground/01-Class-Content/15-Project-2/sandbox/server.js","statementMap":{"0":{"start":{"line":1,"column":15},"end":{"line":1,"column":34}},"1":{"start":{"line":2,"column":16},"end":{"line":2,"column":34}},"2":{"start":{"line":3,"column":18},"end":{"line":3,"column":48}},"3":{"start":{"line":4,"column":19},"end":{"line":4,"column":50}},"4":{"start":{"line":5,"column":11},"end":{"line":5,"column":30}},"5":{"start":{"line":6,"column":13},"end":{"line":6,"column":36}},"6":{"start":{"line":7,"column":21},"end":{"line":7,"column":52}},"7":{"start":{"line":9,"column":13},"end":{"line":9,"column":37}},"8":{"start":{"line":10,"column":12},"end":{"line":10,"column":21}},"9":{"start":{"line":15,"column":0},"end":{"line":15,"column":34}},"10":{"start":{"line":18,"column":0},"end":{"line":18,"column":48}},"11":{"start":{"line":19,"column":0},"end":{"line":19,"column":24}},"12":{"start":{"line":21,"column":15},"end":{"line":21,"column":44}},"13":{"start":{"line":22,"column":16},"end":{"line":22,"column":42}},"14":{"start":{"line":24,"column":0},"end":{"line":31,"column":2}},"15":{"start":{"line":32,"column":0},"end":{"line":32,"column":37}},"16":{"start":{"line":34,"column":0},"end":{"line":34,"column":27}},"17":{"start":{"line":35,"column":0},"end":{"line":35,"column":20}},"18":{"start":{"line":38,"column":0},"end":{"line":38,"column":22}},"19":{"start":{"line":41,"column":0},"end":{"line":48,"column":3}},"20":{"start":{"line":43,"column":3},"end":{"line":43,"column":23}},"21":{"start":{"line":45,"column":3},"end":{"line":47,"column":6}},"22":{"start":{"line":46,"column":6},"end":{"line":46,"column":61}}},"fnMap":{"0":{"name":"(anonymous_0)","decl":{"start":{"line":41,"column":47},"end":{"line":41,"column":48}},"loc":{"start":{"line":41,"column":59},"end":{"line":48,"column":1}},"line":41},"1":{"name":"(anonymous_1)","decl":{"start":{"line":45,"column":20},"end":{"line":45,"column":21}},"loc":{"start":{"line":45,"column":26},"end":{"line":47,"column":4}},"line":45}},"branchMap":{"0":{"loc":{"start":{"line":9,"column":13},"end":{"line":9,"column":37}},"type":"binary-expr","locations":[{"start":{"line":9,"column":13},"end":{"line":9,"column":29}},{"start":{"line":9,"column":33},"end":{"line":9,"column":37}}],"line":9}},"s":{"0":0,"1":0,"2":0,"3":0,"4":0,"5":0,"6":0,"7":0,"8":0,"9":0,"10":0,"11":0,"12":0,"13":0,"14":0,"15":0,"16":0,"17":0,"18":0,"19":0,"20":0,"21":0,"22":0},"f":{"0":0,"1":0},"b":{"0":[0,0]}}
,"/Users/ronerlih/development/fullstack-ground/01-Class-Content/15-Project-2/sandbox/config/index.js": {"path":"/Users/ronerlih/development/fullstack-ground/01-Class-Content/15-Project-2/sandbox/config/index.js","statementMap":{"0":{"start":{"line":1,"column":0},"end":{"line":3,"column":2}}},"fnMap":{},"branchMap":{},"s":{"0":1},"f":{},"b":{},"_coverageSchema":"1a1c01bbd47fc00a2c39e90264f33305004495a9","hash":"aa71e498659b5e417c21733b6b238c4c0e8471f2"}
,"/Users/ronerlih/development/fullstack-ground/01-Class-Content/15-Project-2/sandbox/models/Test.js": {"path":"/Users/ronerlih/development/fullstack-ground/01-Class-Content/15-Project-2/sandbox/models/Test.js","statementMap":{"0":{"start":{"line":1,"column":0},"end":{"line":9,"column":2}},"1":{"start":{"line":2,"column":16},"end":{"line":7,"column":5}},"2":{"start":{"line":8,"column":3},"end":{"line":8,"column":15}}},"fnMap":{"0":{"name":"(anonymous_0)","decl":{"start":{"line":1,"column":17},"end":{"line":1,"column":18}},"loc":{"start":{"line":1,"column":48},"end":{"line":9,"column":1}},"line":1}},"branchMap":{},"s":{"0":1,"1":1,"2":1},"f":{"0":1},"b":{},"_coverageSchema":"1a1c01bbd47fc00a2c39e90264f33305004495a9","hash":"c0ff33db2d722decbd1009b3c5b2d29bb4bcb625"}
,"/Users/ronerlih/development/fullstack-ground/01-Class-Content/15-Project-2/sandbox/utils/errorHandler.js": {"path":"/Users/ronerlih/development/fullstack-ground/01-Class-Content/15-Project-2/sandbox/utils/errorHandler.js","statementMap":{"0":{"start":{"line":1,"column":0},"end":{"line":9,"column":2}},"1":{"start":{"line":2,"column":3},"end":{"line":2,"column":42}},"2":{"start":{"line":2,"column":13},"end":{"line":2,"column":42}},"3":{"start":{"line":7,"column":3},"end":{"line":7,"column":28}},"4":{"start":{"line":8,"column":3},"end":{"line":8,"column":28}}},"fnMap":{"0":{"name":"(anonymous_0)","decl":{"start":{"line":1,"column":17},"end":{"line":1,"column":18}},"loc":{"start":{"line":1,"column":42},"end":{"line":9,"column":1}},"line":1}},"branchMap":{"0":{"loc":{"start":{"line":2,"column":3},"end":{"line":2,"column":42}},"type":"if","locations":[{"start":{"line":2,"column":3},"end":{"line":2,"column":42}},{"start":{"line":2,"column":3},"end":{"line":2,"column":42}}],"line":2}},"s":{"0":1,"1":3,"2":1,"3":2,"4":2},"f":{"0":3},"b":{"0":[1,2]},"_coverageSchema":"1a1c01bbd47fc00a2c39e90264f33305004495a9","hash":"2fa1bdf763fd21392f4844992a8c237f3b41370a"}
,"/Users/ronerlih/development/fullstack-ground/01-Class-Content/15-Project-2/sandbox/utils/seed.js": {"path":"/Users/ronerlih/development/fullstack-ground/01-Class-Content/15-Project-2/sandbox/utils/seed.js","statementMap":{"0":{"start":{"line":1,"column":15},"end":{"line":1,"column":35}},"1":{"start":{"line":3,"column":0},"end":{"line":9,"column":2}},"2":{"start":{"line":4,"column":3},"end":{"line":7,"column":4}},"3":{"start":{"line":5,"column":6},"end":{"line":5,"column":42}},"4":{"start":{"line":6,"column":6},"end":{"line":6,"column":50}},"5":{"start":{"line":8,"column":3},"end":{"line":8,"column":28}}},"fnMap":{"0":{"name":"(anonymous_0)","decl":{"start":{"line":3,"column":17},"end":{"line":3,"column":18}},"loc":{"start":{"line":3,"column":33},"end":{"line":9,"column":1}},"line":3}},"branchMap":{"0":{"loc":{"start":{"line":4,"column":3},"end":{"line":7,"column":4}},"type":"if","locations":[{"start":{"line":4,"column":3},"end":{"line":7,"column":4}},{"start":{"line":4,"column":3},"end":{"line":7,"column":4}}],"line":4}},"s":{"0":1,"1":1,"2":1,"3":1,"4":1,"5":0},"f":{"0":1},"b":{"0":[1,0]},"_coverageSchema":"1a1c01bbd47fc00a2c39e90264f33305004495a9","hash":"cc098d1f6211a3278392a69c67fc0afca4227b6e"}
,"/Users/ronerlih/development/fullstack-ground/01-Class-Content/15-Project-2/sandbox/views/helpers/index.js": {"path":"/Users/ronerlih/development/fullstack-ground/01-Class-Content/15-Project-2/sandbox/views/helpers/index.js","statementMap":{"0":{"start":{"line":1,"column":0},"end":{"line":6,"column":2}},"1":{"start":{"line":4,"column":6},"end":{"line":4,"column":48}}},"fnMap":{"0":{"name":"(anonymous_0)","decl":{"start":{"line":3,"column":14},"end":{"line":3,"column":15}},"loc":{"start":{"line":3,"column":23},"end":{"line":5,"column":4}},"line":3}},"branchMap":{"0":{"loc":{"start":{"line":4,"column":13},"end":{"line":4,"column":47}},"type":"cond-expr","locations":[{"start":{"line":4,"column":33},"end":{"line":4,"column":43}},{"start":{"line":4,"column":46},"end":{"line":4,"column":47}}],"line":4},"1":{"loc":{"start":{"line":4,"column":13},"end":{"line":4,"column":30}},"type":"binary-expr","locations":[{"start":{"line":4,"column":13},"end":{"line":4,"column":16}},{"start":{"line":4,"column":20},"end":{"line":4,"column":30}}],"line":4}},"s":{"0":1,"1":13},"f":{"0":13},"b":{"0":[11,2],"1":[13,12]},"_coverageSchema":"1a1c01bbd47fc00a2c39e90264f33305004495a9","hash":"1e1d2a85686e16abe2819acbc6fed876c34e4ce6"}
}
