TN:
SF:server.js
FN:41,(anonymous_0)
FN:45,(anonymous_1)
FNF:2
FNH:0
FNDA:0,(anonymous_0)
FNDA:0,(anonymous_1)
DA:1,0
DA:2,0
DA:3,0
DA:4,0
DA:5,0
DA:6,0
DA:7,0
DA:9,0
DA:10,0
DA:15,0
DA:18,0
DA:19,0
DA:21,0
DA:22,0
DA:24,0
DA:32,0
DA:34,0
DA:35,0
DA:38,0
DA:41,0
DA:43,0
DA:45,0
DA:46,0
LF:23
LH:0
BRDA:9,0,0,0
BRDA:9,0,1,0
BRF:2
BRH:0
end_of_record
TN:
SF:config/index.js
FNF:0
FNH:0
DA:1,1
LF:1
LH:1
BRF:0
BRH:0
end_of_record
TN:
SF:models/Test.js
FN:1,(anonymous_0)
FNF:1
FNH:1
FNDA:1,(anonymous_0)
DA:1,1
DA:2,1
DA:8,1
LF:3
LH:3
BRF:0
BRH:0
end_of_record
TN:
SF:utils/errorHandler.js
FN:1,(anonymous_0)
FNF:1
FNH:1
FNDA:3,(anonymous_0)
DA:1,1
DA:2,3
DA:7,2
DA:8,2
LF:4
LH:4
BRDA:2,0,0,1
BRDA:2,0,1,2
BRF:2
BRH:2
end_of_record
TN:
SF:utils/seed.js
FN:3,(anonymous_0)
FNF:1
FNH:1
FNDA:1,(anonymous_0)
DA:1,1
DA:3,1
DA:4,1
DA:5,1
DA:6,1
DA:8,0
LF:6
LH:5
BRDA:4,0,0,1
BRDA:4,0,1,0
BRF:2
BRH:1
end_of_record
TN:
SF:views/helpers/index.js
FN:3,(anonymous_0)
FNF:1
FNH:1
FNDA:13,(anonymous_0)
DA:1,1
DA:4,13
LF:2
LH:2
BRDA:4,0,0,11
BRDA:4,0,1,2
BRDA:4,1,0,13
BRDA:4,1,1,12
BRF:4
BRH:4
end_of_record
